<?xml version="1.0" encoding="UTF-8"?>
<!-- Generated by org.testng.reporters.JUnitReportReporter -->
<testsuite hostname="INDMUMBLPTMP068" failures="0" tests="1" name="org.StockApplication.StockMarketTest" time="40.098" errors="0" timestamp="2023-07-27T14:34:21 IST" skipped="0">
  <testcase classname="org.StockApplication.StockMarketTest" name="StartApp" time="40.098"/>
  <system-out/>
</testsuite> <!-- org.StockApplication.StockMarketTest -->
